[0.160s] DEBUG:colcon:Command line arguments: ['/usr/bin/colcon', 'build', '--packages-select', 'pan_tilt_controller']
[0.160s] DEBUG:colcon:Parsed command line arguments: Namespace(log_base=None, log_level=None, verb_name='build', build_base='build', install_base='install', merge_install=False, symlink_install=False, test_result_base=None, continue_on_error=False, executor='parallel', parallel_workers=4, event_handlers=None, ignore_user_meta=False, metas=['./colcon.meta'], base_paths=['.'], packages_ignore=None, packages_ignore_regex=None, paths=None, packages_up_to=None, packages_up_to_regex=None, packages_above=None, packages_above_and_dependencies=None, packages_above_depth=None, packages_select_by_dep=None, packages_skip_by_dep=None, packages_skip_up_to=None, packages_select_build_failed=False, packages_skip_build_finished=False, packages_select_test_failures=False, packages_skip_test_passed=False, packages_select=['pan_tilt_controller'], packages_skip=None, packages_select_regex=None, packages_skip_regex=None, packages_start=None, packages_end=None, allow_overriding=[], cmake_args=None, cmake_target=None, cmake_target_skip_unavailable=False, cmake_clean_cache=False, cmake_clean_first=False, cmake_force_configure=False, ament_cmake_args=None, catkin_cmake_args=None, catkin_skip_building_tests=False, verb_parser=<colcon_defaults.argument_parser.defaults.DefaultArgumentsDecorator object at 0x7bb95128ea50>, verb_extension=<colcon_core.verb.build.BuildVerb object at 0x7bb95128e8a0>, main=<bound method BuildVerb.main of <colcon_core.verb.build.BuildVerb object at 0x7bb95128e8a0>>)
[0.235s] Level 1:colcon.colcon_core.package_discovery:discover_packages(colcon_meta) check parameters
[0.235s] Level 1:colcon.colcon_core.package_discovery:discover_packages(recursive) check parameters
[0.236s] Level 1:colcon.colcon_core.package_discovery:discover_packages(ignore) check parameters
[0.236s] Level 1:colcon.colcon_core.package_discovery:discover_packages(path) check parameters
[0.236s] Level 1:colcon.colcon_core.package_discovery:discover_packages(colcon_meta) discover
[0.236s] Level 1:colcon.colcon_core.package_discovery:discover_packages(recursive) discover
[0.236s] INFO:colcon.colcon_core.package_discovery:Crawling recursively for packages in '/home/akmal/Documents/finalproject'
[0.237s] Level 1:colcon.colcon_core.package_identification:_identify(.) by extensions ['ignore', 'ignore_ament_install']
[0.237s] Level 1:colcon.colcon_core.package_identification:_identify(.) by extension 'ignore'
[0.237s] Level 1:colcon.colcon_core.package_identification:_identify(.) by extension 'ignore_ament_install'
[0.237s] Level 1:colcon.colcon_core.package_identification:_identify(.) by extensions ['colcon_pkg']
[0.238s] Level 1:colcon.colcon_core.package_identification:_identify(.) by extension 'colcon_pkg'
[0.238s] Level 1:colcon.colcon_core.package_identification:_identify(.) by extensions ['colcon_meta']
[0.238s] Level 1:colcon.colcon_core.package_identification:_identify(.) by extension 'colcon_meta'
[0.238s] Level 1:colcon.colcon_core.package_identification:_identify(.) by extensions ['ros']
[0.238s] Level 1:colcon.colcon_core.package_identification:_identify(.) by extension 'ros'
[0.300s] Level 1:colcon.colcon_core.package_identification:_identify(.) by extensions ['cmake', 'python']
[0.300s] Level 1:colcon.colcon_core.package_identification:_identify(.) by extension 'cmake'
[0.301s] Level 1:colcon.colcon_core.package_identification:_identify(.) by extension 'python'
[0.301s] Level 1:colcon.colcon_core.package_identification:_identify(.) by extensions ['python_setup_py']
[0.301s] Level 1:colcon.colcon_core.package_identification:_identify(.) by extension 'python_setup_py'
[0.301s] Level 1:colcon.colcon_core.package_identification:_identify(build) by extensions ['ignore', 'ignore_ament_install']
[0.301s] Level 1:colcon.colcon_core.package_identification:_identify(build) by extension 'ignore'
[0.301s] Level 1:colcon.colcon_core.package_identification:_identify(build) ignored
[0.301s] Level 1:colcon.colcon_core.package_identification:_identify(example) by extensions ['ignore', 'ignore_ament_install']
[0.302s] Level 1:colcon.colcon_core.package_identification:_identify(example) by extension 'ignore'
[0.302s] Level 1:colcon.colcon_core.package_identification:_identify(example) by extension 'ignore_ament_install'
[0.302s] Level 1:colcon.colcon_core.package_identification:_identify(example) by extensions ['colcon_pkg']
[0.302s] Level 1:colcon.colcon_core.package_identification:_identify(example) by extension 'colcon_pkg'
[0.302s] Level 1:colcon.colcon_core.package_identification:_identify(example) by extensions ['colcon_meta']
[0.302s] Level 1:colcon.colcon_core.package_identification:_identify(example) by extension 'colcon_meta'
[0.303s] Level 1:colcon.colcon_core.package_identification:_identify(example) by extensions ['ros']
[0.303s] Level 1:colcon.colcon_core.package_identification:_identify(example) by extension 'ros'
[0.304s] Level 1:colcon.colcon_core.package_identification:_identify(example) by extensions ['cmake', 'python']
[0.304s] Level 1:colcon.colcon_core.package_identification:_identify(example) by extension 'cmake'
[0.304s] Level 1:colcon.colcon_core.package_identification:_identify(example) by extension 'python'
[0.304s] Level 1:colcon.colcon_core.package_identification:_identify(example) by extensions ['python_setup_py']
[0.304s] Level 1:colcon.colcon_core.package_identification:_identify(example) by extension 'python_setup_py'
[0.304s] Level 1:colcon.colcon_core.package_identification:_identify(install) by extensions ['ignore', 'ignore_ament_install']
[0.304s] Level 1:colcon.colcon_core.package_identification:_identify(install) by extension 'ignore'
[0.304s] Level 1:colcon.colcon_core.package_identification:_identify(install) ignored
[0.305s] Level 1:colcon.colcon_core.package_identification:_identify(log) by extensions ['ignore', 'ignore_ament_install']
[0.305s] Level 1:colcon.colcon_core.package_identification:_identify(log) by extension 'ignore'
[0.305s] Level 1:colcon.colcon_core.package_identification:_identify(log) ignored
[0.305s] Level 1:colcon.colcon_core.package_identification:_identify(ros2_ws) by extensions ['ignore', 'ignore_ament_install']
[0.305s] Level 1:colcon.colcon_core.package_identification:_identify(ros2_ws) by extension 'ignore'
[0.305s] Level 1:colcon.colcon_core.package_identification:_identify(ros2_ws) by extension 'ignore_ament_install'
[0.305s] Level 1:colcon.colcon_core.package_identification:_identify(ros2_ws) by extensions ['colcon_pkg']
[0.306s] Level 1:colcon.colcon_core.package_identification:_identify(ros2_ws) by extension 'colcon_pkg'
[0.306s] Level 1:colcon.colcon_core.package_identification:_identify(ros2_ws) by extensions ['colcon_meta']
[0.306s] Level 1:colcon.colcon_core.package_identification:_identify(ros2_ws) by extension 'colcon_meta'
[0.306s] Level 1:colcon.colcon_core.package_identification:_identify(ros2_ws) by extensions ['ros']
[0.306s] Level 1:colcon.colcon_core.package_identification:_identify(ros2_ws) by extension 'ros'
[0.306s] Level 1:colcon.colcon_core.package_identification:_identify(ros2_ws) by extensions ['cmake', 'python']
[0.306s] Level 1:colcon.colcon_core.package_identification:_identify(ros2_ws) by extension 'cmake'
[0.306s] Level 1:colcon.colcon_core.package_identification:_identify(ros2_ws) by extension 'python'
[0.306s] Level 1:colcon.colcon_core.package_identification:_identify(ros2_ws) by extensions ['python_setup_py']
[0.306s] Level 1:colcon.colcon_core.package_identification:_identify(ros2_ws) by extension 'python_setup_py'
[0.307s] Level 1:colcon.colcon_core.package_identification:_identify(ros2_ws/build) by extensions ['ignore', 'ignore_ament_install']
[0.307s] Level 1:colcon.colcon_core.package_identification:_identify(ros2_ws/build) by extension 'ignore'
[0.307s] Level 1:colcon.colcon_core.package_identification:_identify(ros2_ws/build) ignored
[0.307s] Level 1:colcon.colcon_core.package_identification:_identify(ros2_ws/install) by extensions ['ignore', 'ignore_ament_install']
[0.307s] Level 1:colcon.colcon_core.package_identification:_identify(ros2_ws/install) by extension 'ignore'
[0.307s] Level 1:colcon.colcon_core.package_identification:_identify(ros2_ws/install) ignored
[0.308s] Level 1:colcon.colcon_core.package_identification:_identify(ros2_ws/log) by extensions ['ignore', 'ignore_ament_install']
[0.308s] Level 1:colcon.colcon_core.package_identification:_identify(ros2_ws/log) by extension 'ignore'
[0.308s] Level 1:colcon.colcon_core.package_identification:_identify(ros2_ws/log) ignored
[0.308s] Level 1:colcon.colcon_core.package_identification:_identify(ros2_ws/src) by extensions ['ignore', 'ignore_ament_install']
[0.308s] Level 1:colcon.colcon_core.package_identification:_identify(ros2_ws/src) by extension 'ignore'
[0.308s] Level 1:colcon.colcon_core.package_identification:_identify(ros2_ws/src) by extension 'ignore_ament_install'
[0.309s] Level 1:colcon.colcon_core.package_identification:_identify(ros2_ws/src) by extensions ['colcon_pkg']
[0.309s] Level 1:colcon.colcon_core.package_identification:_identify(ros2_ws/src) by extension 'colcon_pkg'
[0.309s] Level 1:colcon.colcon_core.package_identification:_identify(ros2_ws/src) by extensions ['colcon_meta']
[0.309s] Level 1:colcon.colcon_core.package_identification:_identify(ros2_ws/src) by extension 'colcon_meta'
[0.309s] Level 1:colcon.colcon_core.package_identification:_identify(ros2_ws/src) by extensions ['ros']
[0.309s] Level 1:colcon.colcon_core.package_identification:_identify(ros2_ws/src) by extension 'ros'
[0.309s] Level 1:colcon.colcon_core.package_identification:_identify(ros2_ws/src) by extensions ['cmake', 'python']
[0.309s] Level 1:colcon.colcon_core.package_identification:_identify(ros2_ws/src) by extension 'cmake'
[0.309s] Level 1:colcon.colcon_core.package_identification:_identify(ros2_ws/src) by extension 'python'
[0.309s] Level 1:colcon.colcon_core.package_identification:_identify(ros2_ws/src) by extensions ['python_setup_py']
[0.309s] Level 1:colcon.colcon_core.package_identification:_identify(ros2_ws/src) by extension 'python_setup_py'
[0.310s] Level 1:colcon.colcon_core.package_identification:_identify(ros2_ws/src/pan_tilt_controller) by extensions ['ignore', 'ignore_ament_install']
[0.310s] Level 1:colcon.colcon_core.package_identification:_identify(ros2_ws/src/pan_tilt_controller) by extension 'ignore'
[0.310s] Level 1:colcon.colcon_core.package_identification:_identify(ros2_ws/src/pan_tilt_controller) by extension 'ignore_ament_install'
[0.310s] Level 1:colcon.colcon_core.package_identification:_identify(ros2_ws/src/pan_tilt_controller) by extensions ['colcon_pkg']
[0.310s] Level 1:colcon.colcon_core.package_identification:_identify(ros2_ws/src/pan_tilt_controller) by extension 'colcon_pkg'
[0.310s] Level 1:colcon.colcon_core.package_identification:_identify(ros2_ws/src/pan_tilt_controller) by extensions ['colcon_meta']
[0.310s] Level 1:colcon.colcon_core.package_identification:_identify(ros2_ws/src/pan_tilt_controller) by extension 'colcon_meta'
[0.310s] Level 1:colcon.colcon_core.package_identification:_identify(ros2_ws/src/pan_tilt_controller) by extensions ['ros']
[0.310s] Level 1:colcon.colcon_core.package_identification:_identify(ros2_ws/src/pan_tilt_controller) by extension 'ros'
[0.320s] DEBUG:colcon.colcon_core.package_identification:Package 'ros2_ws/src/pan_tilt_controller' with type 'ros.ament_python' and name 'pan_tilt_controller'
[0.320s] Level 1:colcon.colcon_core.package_discovery:discover_packages(recursive) using defaults
[0.320s] Level 1:colcon.colcon_core.package_discovery:discover_packages(ignore) discover
[0.320s] Level 1:colcon.colcon_core.package_discovery:discover_packages(ignore) using defaults
[0.320s] Level 1:colcon.colcon_core.package_discovery:discover_packages(path) discover
[0.320s] Level 1:colcon.colcon_core.package_discovery:discover_packages(path) using defaults
[0.358s] Level 1:colcon.colcon_core.package_discovery:discover_packages(prefix_path) check parameters
[0.358s] Level 1:colcon.colcon_core.package_discovery:discover_packages(prefix_path) discover
[0.362s] DEBUG:colcon.colcon_installed_package_information.package_discovery:Found 2 installed packages in /home/akmal/Documents/finalproject/ros2_ws/install
[0.370s] DEBUG:colcon.colcon_installed_package_information.package_discovery:Found 321 installed packages in /opt/ros/kilted
[0.372s] Level 1:colcon.colcon_core.package_discovery:discover_packages(prefix_path) using defaults
[0.467s] Level 5:colcon.colcon_core.verb:set package 'pan_tilt_controller' build argument 'cmake_args' from command line to 'None'
[0.467s] Level 5:colcon.colcon_core.verb:set package 'pan_tilt_controller' build argument 'cmake_target' from command line to 'None'
[0.467s] Level 5:colcon.colcon_core.verb:set package 'pan_tilt_controller' build argument 'cmake_target_skip_unavailable' from command line to 'False'
[0.467s] Level 5:colcon.colcon_core.verb:set package 'pan_tilt_controller' build argument 'cmake_clean_cache' from command line to 'False'
[0.467s] Level 5:colcon.colcon_core.verb:set package 'pan_tilt_controller' build argument 'cmake_clean_first' from command line to 'False'
[0.467s] Level 5:colcon.colcon_core.verb:set package 'pan_tilt_controller' build argument 'cmake_force_configure' from command line to 'False'
[0.467s] Level 5:colcon.colcon_core.verb:set package 'pan_tilt_controller' build argument 'ament_cmake_args' from command line to 'None'
[0.467s] Level 5:colcon.colcon_core.verb:set package 'pan_tilt_controller' build argument 'catkin_cmake_args' from command line to 'None'
[0.467s] Level 5:colcon.colcon_core.verb:set package 'pan_tilt_controller' build argument 'catkin_skip_building_tests' from command line to 'False'
[0.467s] DEBUG:colcon.colcon_core.verb:Building package 'pan_tilt_controller' with the following arguments: {'ament_cmake_args': None, 'build_base': '/home/akmal/Documents/finalproject/build/pan_tilt_controller', 'catkin_cmake_args': None, 'catkin_skip_building_tests': False, 'cmake_args': None, 'cmake_clean_cache': False, 'cmake_clean_first': False, 'cmake_force_configure': False, 'cmake_target': None, 'cmake_target_skip_unavailable': False, 'install_base': '/home/akmal/Documents/finalproject/install/pan_tilt_controller', 'merge_install': False, 'path': '/home/akmal/Documents/finalproject/ros2_ws/src/pan_tilt_controller', 'symlink_install': False, 'test_result_base': None}
[0.467s] INFO:colcon.colcon_core.executor:Executing jobs using 'parallel' executor
[0.469s] DEBUG:colcon.colcon_parallel_executor.executor.parallel:run_until_complete
[0.469s] INFO:colcon.colcon_ros.task.ament_python.build:Building ROS package in '/home/akmal/Documents/finalproject/ros2_ws/src/pan_tilt_controller' with build type 'ament_python'
[0.469s] Level 1:colcon.colcon_core.shell:create_environment_hook('pan_tilt_controller', 'ament_prefix_path')
[0.472s] INFO:colcon.colcon_core.plugin_system:Skipping extension 'colcon_core.shell.bat': Not used on non-Windows systems
[0.472s] INFO:colcon.colcon_core.shell:Creating environment hook '/home/akmal/Documents/finalproject/install/pan_tilt_controller/share/pan_tilt_controller/hook/ament_prefix_path.ps1'
[0.472s] INFO:colcon.colcon_core.shell:Creating environment descriptor '/home/akmal/Documents/finalproject/install/pan_tilt_controller/share/pan_tilt_controller/hook/ament_prefix_path.dsv'
[0.473s] INFO:colcon.colcon_core.shell:Creating environment hook '/home/akmal/Documents/finalproject/install/pan_tilt_controller/share/pan_tilt_controller/hook/ament_prefix_path.sh'
[0.474s] INFO:colcon.colcon_core.shell:Skip shell extension 'powershell' for command environment: Not usable outside of PowerShell
[0.474s] DEBUG:colcon.colcon_core.shell:Skip shell extension 'dsv' for command environment
[0.769s] INFO:colcon.colcon_core.task.python.build:Building Python package in '/home/akmal/Documents/finalproject/ros2_ws/src/pan_tilt_controller'
[0.770s] INFO:colcon.colcon_core.shell:Skip shell extension 'powershell' for command environment: Not usable outside of PowerShell
[0.770s] DEBUG:colcon.colcon_core.shell:Skip shell extension 'dsv' for command environment
[1.556s] DEBUG:colcon.colcon_core.event_handler.log_command:Invoking command in '/home/akmal/Documents/finalproject/ros2_ws/src/pan_tilt_controller': DEBUGINFOD_URLS=https://debuginfod.ubuntu.com PYTHONPATH=/home/akmal/Documents/finalproject/build/pan_tilt_controller/prefix_override:/usr/lib/python3/dist-packages/colcon_core/task/python/colcon_distutils_commands:/home/akmal/Documents/finalproject/install/pan_tilt_controller/lib/python3.12/site-packages:${PYTHONPATH} /usr/bin/python3 -W ignore:setup.py install is deprecated -W ignore:easy_install command is deprecated setup.py egg_info --egg-base ../../../build/pan_tilt_controller build --build-base /home/akmal/Documents/finalproject/build/pan_tilt_controller/build install --record /home/akmal/Documents/finalproject/build/pan_tilt_controller/install.log --single-version-externally-managed install_data
[2.275s] DEBUG:colcon.colcon_core.event_handler.log_command:Invoked command in '/home/akmal/Documents/finalproject/ros2_ws/src/pan_tilt_controller' returned '0': DEBUGINFOD_URLS=https://debuginfod.ubuntu.com PYTHONPATH=/home/akmal/Documents/finalproject/build/pan_tilt_controller/prefix_override:/usr/lib/python3/dist-packages/colcon_core/task/python/colcon_distutils_commands:/home/akmal/Documents/finalproject/install/pan_tilt_controller/lib/python3.12/site-packages:${PYTHONPATH} /usr/bin/python3 -W ignore:setup.py install is deprecated -W ignore:easy_install command is deprecated setup.py egg_info --egg-base ../../../build/pan_tilt_controller build --build-base /home/akmal/Documents/finalproject/build/pan_tilt_controller/build install --record /home/akmal/Documents/finalproject/build/pan_tilt_controller/install.log --single-version-externally-managed install_data
[2.278s] Level 1:colcon.colcon_core.environment:checking '/home/akmal/Documents/finalproject/install/pan_tilt_controller' for CMake module files
[2.280s] Level 1:colcon.colcon_core.environment:checking '/home/akmal/Documents/finalproject/install/pan_tilt_controller' for CMake config files
[2.281s] Level 1:colcon.colcon_core.environment:checking '/home/akmal/Documents/finalproject/install/pan_tilt_controller/lib'
[2.281s] Level 1:colcon.colcon_core.environment:checking '/home/akmal/Documents/finalproject/install/pan_tilt_controller/bin'
[2.281s] Level 1:colcon.colcon_core.environment:checking '/home/akmal/Documents/finalproject/install/pan_tilt_controller/lib/pkgconfig/pan_tilt_controller.pc'
[2.281s] Level 1:colcon.colcon_core.environment:checking '/home/akmal/Documents/finalproject/install/pan_tilt_controller/lib/python3.12/site-packages'
[2.281s] Level 1:colcon.colcon_core.shell:create_environment_hook('pan_tilt_controller', 'pythonpath')
[2.282s] INFO:colcon.colcon_core.shell:Creating environment hook '/home/akmal/Documents/finalproject/install/pan_tilt_controller/share/pan_tilt_controller/hook/pythonpath.ps1'
[2.282s] INFO:colcon.colcon_core.shell:Creating environment descriptor '/home/akmal/Documents/finalproject/install/pan_tilt_controller/share/pan_tilt_controller/hook/pythonpath.dsv'
[2.283s] INFO:colcon.colcon_core.shell:Creating environment hook '/home/akmal/Documents/finalproject/install/pan_tilt_controller/share/pan_tilt_controller/hook/pythonpath.sh'
[2.283s] Level 1:colcon.colcon_core.environment:checking '/home/akmal/Documents/finalproject/install/pan_tilt_controller/bin'
[2.284s] Level 1:colcon.colcon_core.environment:create_environment_scripts_only(pan_tilt_controller)
[2.284s] INFO:colcon.colcon_core.shell:Creating package script '/home/akmal/Documents/finalproject/install/pan_tilt_controller/share/pan_tilt_controller/package.ps1'
[2.285s] INFO:colcon.colcon_core.shell:Creating package descriptor '/home/akmal/Documents/finalproject/install/pan_tilt_controller/share/pan_tilt_controller/package.dsv'
[2.286s] INFO:colcon.colcon_core.shell:Creating package script '/home/akmal/Documents/finalproject/install/pan_tilt_controller/share/pan_tilt_controller/package.sh'
[2.287s] INFO:colcon.colcon_core.shell:Creating package script '/home/akmal/Documents/finalproject/install/pan_tilt_controller/share/pan_tilt_controller/package.bash'
[2.288s] INFO:colcon.colcon_core.shell:Creating package script '/home/akmal/Documents/finalproject/install/pan_tilt_controller/share/pan_tilt_controller/package.zsh'
[2.289s] Level 1:colcon.colcon_core.environment:create_file_with_runtime_dependencies(/home/akmal/Documents/finalproject/install/pan_tilt_controller/share/colcon-core/packages/pan_tilt_controller)
[2.290s] DEBUG:colcon.colcon_parallel_executor.executor.parallel:closing loop
[2.291s] DEBUG:colcon.colcon_parallel_executor.executor.parallel:loop closed
[2.291s] DEBUG:colcon.colcon_parallel_executor.executor.parallel:run_until_complete finished with '0'
[2.292s] DEBUG:colcon.colcon_core.event_reactor:joining thread
[2.301s] INFO:colcon.colcon_core.plugin_system:Skipping extension 'colcon_notification.desktop_notification.terminal_notifier': Not used on non-Darwin systems
[2.301s] INFO:colcon.colcon_core.plugin_system:Skipping extension 'colcon_notification.desktop_notification.win32': Not used on non-Windows systems
[2.301s] INFO:colcon.colcon_notification.desktop_notification:Sending desktop notification using 'notify2'
[2.324s] DEBUG:colcon.colcon_core.event_reactor:joined thread
[2.325s] INFO:colcon.colcon_core.shell:Creating prefix script '/home/akmal/Documents/finalproject/install/local_setup.ps1'
[2.326s] INFO:colcon.colcon_core.shell:Creating prefix util module '/home/akmal/Documents/finalproject/install/_local_setup_util_ps1.py'
[2.328s] INFO:colcon.colcon_core.shell:Creating prefix chain script '/home/akmal/Documents/finalproject/install/setup.ps1'
[2.330s] INFO:colcon.colcon_core.shell:Creating prefix script '/home/akmal/Documents/finalproject/install/local_setup.sh'
[2.331s] INFO:colcon.colcon_core.shell:Creating prefix util module '/home/akmal/Documents/finalproject/install/_local_setup_util_sh.py'
[2.333s] INFO:colcon.colcon_core.shell:Creating prefix chain script '/home/akmal/Documents/finalproject/install/setup.sh'
[2.334s] INFO:colcon.colcon_core.shell:Creating prefix script '/home/akmal/Documents/finalproject/install/local_setup.bash'
[2.335s] INFO:colcon.colcon_core.shell:Creating prefix chain script '/home/akmal/Documents/finalproject/install/setup.bash'
[2.336s] INFO:colcon.colcon_core.shell:Creating prefix script '/home/akmal/Documents/finalproject/install/local_setup.zsh'
[2.337s] INFO:colcon.colcon_core.shell:Creating prefix chain script '/home/akmal/Documents/finalproject/install/setup.zsh'
