running egg_info
writing ../../../build/pan_tilt_controller/pan_tilt_controller.egg-info/PKG-INFO
writing dependency_links to ../../../build/pan_tilt_controller/pan_tilt_controller.egg-info/dependency_links.txt
writing entry points to ../../../build/pan_tilt_controller/pan_tilt_controller.egg-info/entry_points.txt
writing requirements to ../../../build/pan_tilt_controller/pan_tilt_controller.egg-info/requires.txt
writing top-level names to ../../../build/pan_tilt_controller/pan_tilt_controller.egg-info/top_level.txt
reading manifest file '../../../build/pan_tilt_controller/pan_tilt_controller.egg-info/SOURCES.txt'
writing manifest file '../../../build/pan_tilt_controller/pan_tilt_controller.egg-info/SOURCES.txt'
running build
running build_py
copying pan_tilt_controller/pid_node.py -> /home/akmal/Documents/finalproject/build/pan_tilt_controller/build/lib/pan_tilt_controller
running install
running install_lib
copying /home/akmal/Documents/finalproject/build/pan_tilt_controller/build/lib/pan_tilt_controller/pid_node.py -> /home/akmal/Documents/finalproject/install/pan_tilt_controller/lib/python3.12/site-packages/pan_tilt_controller
byte-compiling /home/akmal/Documents/finalproject/install/pan_tilt_controller/lib/python3.12/site-packages/pan_tilt_controller/pid_node.py to pid_node.cpython-312.pyc
running install_data
running install_egg_info
removing '/home/akmal/Documents/finalproject/install/pan_tilt_controller/lib/python3.12/site-packages/pan_tilt_controller-0.0.1-py3.12.egg-info' (and everything under it)
Copying ../../../build/pan_tilt_controller/pan_tilt_controller.egg-info to /home/akmal/Documents/finalproject/install/pan_tilt_controller/lib/python3.12/site-packages/pan_tilt_controller-0.0.1-py3.12.egg-info
running install_scripts
Installing camera_vision_node script to /home/akmal/Documents/finalproject/install/pan_tilt_controller/lib/pan_tilt_controller
Installing pid_node script to /home/akmal/Documents/finalproject/install/pan_tilt_controller/lib/pan_tilt_controller
Installing serial_node script to /home/akmal/Documents/finalproject/install/pan_tilt_controller/lib/pan_tilt_controller
writing list of installed files to '/home/akmal/Documents/finalproject/build/pan_tilt_controller/install.log'
