[1.048s] Invoking command in '/home/akmal/Documents/finalproject/ros2_ws/src/pan_tilt_controller': DEBUGINFOD_URLS=https://debuginfod.ubuntu.com PYTHONPATH=/home/akmal/Documents/finalproject/build/pan_tilt_controller/prefix_override:/usr/lib/python3/dist-packages/colcon_core/task/python/colcon_distutils_commands:/home/akmal/Documents/finalproject/install/pan_tilt_controller/lib/python3.12/site-packages:${PYTHONPATH} /usr/bin/python3 -W ignore:setup.py install is deprecated -W ignore:easy_install command is deprecated setup.py egg_info --egg-base ../../../build/pan_tilt_controller build --build-base /home/akmal/Documents/finalproject/build/pan_tilt_controller/build install --record /home/akmal/Documents/finalproject/build/pan_tilt_controller/install.log --single-version-externally-managed install_data
[1.383s] running egg_info
[1.406s] writing ../../../build/pan_tilt_controller/pan_tilt_controller.egg-info/PKG-INFO
[1.406s] writing dependency_links to ../../../build/pan_tilt_controller/pan_tilt_controller.egg-info/dependency_links.txt
[1.407s] writing entry points to ../../../build/pan_tilt_controller/pan_tilt_controller.egg-info/entry_points.txt
[1.407s] writing requirements to ../../../build/pan_tilt_controller/pan_tilt_controller.egg-info/requires.txt
[1.408s] writing top-level names to ../../../build/pan_tilt_controller/pan_tilt_controller.egg-info/top_level.txt
[1.460s] reading manifest file '../../../build/pan_tilt_controller/pan_tilt_controller.egg-info/SOURCES.txt'
[1.462s] writing manifest file '../../../build/pan_tilt_controller/pan_tilt_controller.egg-info/SOURCES.txt'
[1.462s] running build
[1.462s] running build_py
[1.462s] copying pan_tilt_controller/pid_node.py -> /home/akmal/Documents/finalproject/build/pan_tilt_controller/build/lib/pan_tilt_controller
[1.463s] running install
[1.471s] running install_lib
[1.494s] copying /home/akmal/Documents/finalproject/build/pan_tilt_controller/build/lib/pan_tilt_controller/pid_node.py -> /home/akmal/Documents/finalproject/install/pan_tilt_controller/lib/python3.12/site-packages/pan_tilt_controller
[1.494s] byte-compiling /home/akmal/Documents/finalproject/install/pan_tilt_controller/lib/python3.12/site-packages/pan_tilt_controller/pid_node.py to pid_node.cpython-312.pyc
[1.496s] running install_data
[1.496s] running install_egg_info
[1.524s] removing '/home/akmal/Documents/finalproject/install/pan_tilt_controller/lib/python3.12/site-packages/pan_tilt_controller-0.0.1-py3.12.egg-info' (and everything under it)
[1.525s] Copying ../../../build/pan_tilt_controller/pan_tilt_controller.egg-info to /home/akmal/Documents/finalproject/install/pan_tilt_controller/lib/python3.12/site-packages/pan_tilt_controller-0.0.1-py3.12.egg-info
[1.526s] running install_scripts
[1.698s] Installing camera_vision_node script to /home/akmal/Documents/finalproject/install/pan_tilt_controller/lib/pan_tilt_controller
[1.698s] Installing pid_node script to /home/akmal/Documents/finalproject/install/pan_tilt_controller/lib/pan_tilt_controller
[1.698s] Installing serial_node script to /home/akmal/Documents/finalproject/install/pan_tilt_controller/lib/pan_tilt_controller
[1.699s] writing list of installed files to '/home/akmal/Documents/finalproject/build/pan_tilt_controller/install.log'
[1.748s] Invoked command in '/home/akmal/Documents/finalproject/ros2_ws/src/pan_tilt_controller' returned '0': DEBUGINFOD_URLS=https://debuginfod.ubuntu.com PYTHONPATH=/home/akmal/Documents/finalproject/build/pan_tilt_controller/prefix_override:/usr/lib/python3/dist-packages/colcon_core/task/python/colcon_distutils_commands:/home/akmal/Documents/finalproject/install/pan_tilt_controller/lib/python3.12/site-packages:${PYTHONPATH} /usr/bin/python3 -W ignore:setup.py install is deprecated -W ignore:easy_install command is deprecated setup.py egg_info --egg-base ../../../build/pan_tilt_controller build --build-base /home/akmal/Documents/finalproject/build/pan_tilt_controller/build install --record /home/akmal/Documents/finalproject/build/pan_tilt_controller/install.log --single-version-externally-managed install_data
