/home/akmal/Documents/finalproject/install/pan_tilt_controller/lib/python3.12/site-packages/pan_tilt_controller/__init__.py
/home/akmal/Documents/finalproject/install/pan_tilt_controller/lib/python3.12/site-packages/pan_tilt_controller/camera_vision_node.py
/home/akmal/Documents/finalproject/install/pan_tilt_controller/lib/python3.12/site-packages/pan_tilt_controller/pid_node.py
/home/akmal/Documents/finalproject/install/pan_tilt_controller/lib/python3.12/site-packages/pan_tilt_controller/serial_node.py
/home/akmal/Documents/finalproject/install/pan_tilt_controller/lib/python3.12/site-packages/pan_tilt_controller/__pycache__/__init__.cpython-312.pyc
/home/akmal/Documents/finalproject/install/pan_tilt_controller/lib/python3.12/site-packages/pan_tilt_controller/__pycache__/camera_vision_node.cpython-312.pyc
/home/akmal/Documents/finalproject/install/pan_tilt_controller/lib/python3.12/site-packages/pan_tilt_controller/__pycache__/pid_node.cpython-312.pyc
/home/akmal/Documents/finalproject/install/pan_tilt_controller/lib/python3.12/site-packages/pan_tilt_controller/__pycache__/serial_node.cpython-312.pyc
/home/akmal/Documents/finalproject/install/pan_tilt_controller/share/ament_index/resource_index/packages/pan_tilt_controller
/home/akmal/Documents/finalproject/install/pan_tilt_controller/share/pan_tilt_controller/package.xml
/home/akmal/Documents/finalproject/install/pan_tilt_controller/share/pan_tilt_controller/launch/pan_tilt.launch.py
/home/akmal/Documents/finalproject/install/pan_tilt_controller/share/pan_tilt_controller/msg/ErrorMsg.msg
/home/akmal/Documents/finalproject/install/pan_tilt_controller/lib/python3.12/site-packages/pan_tilt_controller-0.0.1-py3.12.egg-info/requires.txt
/home/akmal/Documents/finalproject/install/pan_tilt_controller/lib/python3.12/site-packages/pan_tilt_controller-0.0.1-py3.12.egg-info/PKG-INFO
/home/akmal/Documents/finalproject/install/pan_tilt_controller/lib/python3.12/site-packages/pan_tilt_controller-0.0.1-py3.12.egg-info/entry_points.txt
/home/akmal/Documents/finalproject/install/pan_tilt_controller/lib/python3.12/site-packages/pan_tilt_controller-0.0.1-py3.12.egg-info/top_level.txt
/home/akmal/Documents/finalproject/install/pan_tilt_controller/lib/python3.12/site-packages/pan_tilt_controller-0.0.1-py3.12.egg-info/SOURCES.txt
/home/akmal/Documents/finalproject/install/pan_tilt_controller/lib/python3.12/site-packages/pan_tilt_controller-0.0.1-py3.12.egg-info/zip-safe
/home/akmal/Documents/finalproject/install/pan_tilt_controller/lib/python3.12/site-packages/pan_tilt_controller-0.0.1-py3.12.egg-info/dependency_links.txt
/home/akmal/Documents/finalproject/install/pan_tilt_controller/lib/pan_tilt_controller/camera_vision_node
/home/akmal/Documents/finalproject/install/pan_tilt_controller/lib/pan_tilt_controller/pid_node
/home/akmal/Documents/finalproject/install/pan_tilt_controller/lib/pan_tilt_controller/serial_node
