running egg_info
creating ../../../build/pan_tilt_controller/pan_tilt_controller.egg-info
writing ../../../build/pan_tilt_controller/pan_tilt_controller.egg-info/PKG-INFO
writing dependency_links to ../../../build/pan_tilt_controller/pan_tilt_controller.egg-info/dependency_links.txt
writing entry points to ../../../build/pan_tilt_controller/pan_tilt_controller.egg-info/entry_points.txt
writing requirements to ../../../build/pan_tilt_controller/pan_tilt_controller.egg-info/requires.txt
writing top-level names to ../../../build/pan_tilt_controller/pan_tilt_controller.egg-info/top_level.txt
writing manifest file '../../../build/pan_tilt_controller/pan_tilt_controller.egg-info/SOURCES.txt'
reading manifest file '../../../build/pan_tilt_controller/pan_tilt_controller.egg-info/SOURCES.txt'
writing manifest file '../../../build/pan_tilt_controller/pan_tilt_controller.egg-info/SOURCES.txt'
running build
running build_py
creating /home/akmal/Documents/finalproject/build/pan_tilt_controller/build
creating /home/akmal/Documents/finalproject/build/pan_tilt_controller/build/lib
creating /home/akmal/Documents/finalproject/build/pan_tilt_controller/build/lib/pan_tilt_controller
copying pan_tilt_controller/__init__.py -> /home/akmal/Documents/finalproject/build/pan_tilt_controller/build/lib/pan_tilt_controller
copying pan_tilt_controller/camera_vision_node.py -> /home/akmal/Documents/finalproject/build/pan_tilt_controller/build/lib/pan_tilt_controller
copying pan_tilt_controller/pid_node.py -> /home/akmal/Documents/finalproject/build/pan_tilt_controller/build/lib/pan_tilt_controller
copying pan_tilt_controller/serial_node.py -> /home/akmal/Documents/finalproject/build/pan_tilt_controller/build/lib/pan_tilt_controller
running install
running install_lib
creating /home/akmal/Documents/finalproject/install/pan_tilt_controller/lib/python3.12/site-packages/pan_tilt_controller
copying /home/akmal/Documents/finalproject/build/pan_tilt_controller/build/lib/pan_tilt_controller/__init__.py -> /home/akmal/Documents/finalproject/install/pan_tilt_controller/lib/python3.12/site-packages/pan_tilt_controller
copying /home/akmal/Documents/finalproject/build/pan_tilt_controller/build/lib/pan_tilt_controller/camera_vision_node.py -> /home/akmal/Documents/finalproject/install/pan_tilt_controller/lib/python3.12/site-packages/pan_tilt_controller
copying /home/akmal/Documents/finalproject/build/pan_tilt_controller/build/lib/pan_tilt_controller/pid_node.py -> /home/akmal/Documents/finalproject/install/pan_tilt_controller/lib/python3.12/site-packages/pan_tilt_controller
copying /home/akmal/Documents/finalproject/build/pan_tilt_controller/build/lib/pan_tilt_controller/serial_node.py -> /home/akmal/Documents/finalproject/install/pan_tilt_controller/lib/python3.12/site-packages/pan_tilt_controller
byte-compiling /home/akmal/Documents/finalproject/install/pan_tilt_controller/lib/python3.12/site-packages/pan_tilt_controller/__init__.py to __init__.cpython-312.pyc
byte-compiling /home/akmal/Documents/finalproject/install/pan_tilt_controller/lib/python3.12/site-packages/pan_tilt_controller/camera_vision_node.py to camera_vision_node.cpython-312.pyc
byte-compiling /home/akmal/Documents/finalproject/install/pan_tilt_controller/lib/python3.12/site-packages/pan_tilt_controller/pid_node.py to pid_node.cpython-312.pyc
byte-compiling /home/akmal/Documents/finalproject/install/pan_tilt_controller/lib/python3.12/site-packages/pan_tilt_controller/serial_node.py to serial_node.cpython-312.pyc
running install_data
creating /home/akmal/Documents/finalproject/install/pan_tilt_controller/share/ament_index
creating /home/akmal/Documents/finalproject/install/pan_tilt_controller/share/ament_index/resource_index
creating /home/akmal/Documents/finalproject/install/pan_tilt_controller/share/ament_index/resource_index/packages
copying resource/pan_tilt_controller -> /home/akmal/Documents/finalproject/install/pan_tilt_controller/share/ament_index/resource_index/packages
copying package.xml -> /home/akmal/Documents/finalproject/install/pan_tilt_controller/share/pan_tilt_controller
creating /home/akmal/Documents/finalproject/install/pan_tilt_controller/share/pan_tilt_controller/launch
copying launch/pan_tilt.launch.py -> /home/akmal/Documents/finalproject/install/pan_tilt_controller/share/pan_tilt_controller/launch
creating /home/akmal/Documents/finalproject/install/pan_tilt_controller/share/pan_tilt_controller/msg
copying msg/ErrorMsg.msg -> /home/akmal/Documents/finalproject/install/pan_tilt_controller/share/pan_tilt_controller/msg
running install_egg_info
Copying ../../../build/pan_tilt_controller/pan_tilt_controller.egg-info to /home/akmal/Documents/finalproject/install/pan_tilt_controller/lib/python3.12/site-packages/pan_tilt_controller-0.0.1-py3.12.egg-info
running install_scripts
Installing camera_vision_node script to /home/akmal/Documents/finalproject/install/pan_tilt_controller/lib/pan_tilt_controller
Installing pid_node script to /home/akmal/Documents/finalproject/install/pan_tilt_controller/lib/pan_tilt_controller
Installing serial_node script to /home/akmal/Documents/finalproject/install/pan_tilt_controller/lib/pan_tilt_controller
writing list of installed files to '/home/akmal/Documents/finalproject/build/pan_tilt_controller/install.log'
